<?xml version="1.0" encoding="UTF-8"?>
<!-- Generated by org.testng.reporters.JUnitXMLReporter -->
<testsuite ignored="0" hostname="HP" failures="0" tests="2" name="Test-1" time="32.801" errors="0" timestamp="27 Mar 2025 05:26:25 GMT">
  <testcase classname="scmSCM.Manufacturer.AddProductManageStockTest" name="AdDProductTest" time="10.868"/>
  <testcase classname="scmSCM.Manufacturer.AddProductManageStockTest" name="ManagEStockTest" time="5.442"/>
</testsuite> <!-- Test-1 -->
