<?xml version="1.0" encoding="UTF-8"?>
<!-- Generated by org.testng.reporters.JUnitXMLReporter -->
<testsuite ignored="0" hostname="HP" failures="0" tests="3" name="Test-2" time="36.242" errors="0" timestamp="27 Mar 2025 05:26:28 GMT">
  <testcase classname="scmSCM.admin.ManageAreaCategoryUnitTest" name="ManagECategoryTest" time="8.865"/>
  <testcase classname="scmSCM.admin.ManageAreaCategoryUnitTest" name="ManagEUnitTest" time="5.478"/>
  <testcase classname="scmSCM.admin.ManageAreaCategoryUnitTest" name="ManageareaTest" time="4.809"/>
</testsuite> <!-- Test-2 -->
