<?xml version="1.0" encoding="UTF-8"?>
<!-- Generated by org.testng.reporters.JUnitReportReporter -->
<testsuite hostname="HP" failures="0" tests="1" name="scmSCM.Retailer.NewOrder" time="8.489" errors="0" timestamp="26 Mar 2025 18:16:42 GMT" skipped="0">
  <testcase classname="scmSCM.Retailer.NewOrder" name="NeWOder" time="8.489"/>
</testsuite> <!-- scmSCM.Retailer.NewOrder -->
