<?xml version="1.0" encoding="UTF-8"?>
<!-- Generated by org.testng.reporters.JUnitReportReporter -->
<testsuite hostname="HP" failures="0" tests="2" name="scmSCM.Manufacturer.AddProductManageStockTest" time="16.740" errors="0" timestamp="27 Mar 2025 09:55:23 GMT" skipped="0">
  <testcase classname="scmSCM.Manufacturer.AddProductManageStockTest" name="AdDProductTest" time="10.600"/>
  <testcase classname="scmSCM.Manufacturer.AddProductManageStockTest" name="ManagEStockTest" time="6.140"/>
</testsuite> <!-- scmSCM.Manufacturer.AddProductManageStockTest -->
