<?xml version="1.0" encoding="UTF-8"?>
<!-- Generated by org.testng.reporters.JUnitReportReporter -->
<testsuite hostname="HP" failures="0" tests="2" name="scmSCM.Retailer.MyOrderNewOrder" time="18.836" errors="0" timestamp="27 Mar 2025 04:17:13 GMT" skipped="0">
  <testcase classname="scmSCM.Retailer.MyOrderNewOrder" name="NeWOder" time="9.504"/>
  <testcase classname="scmSCM.Retailer.MyOrderNewOrder" name="MyORder" time="9.332"/>
</testsuite> <!-- scmSCM.Retailer.MyOrderNewOrder -->
