<?xml version="1.0" encoding="UTF-8"?>
<!-- Generated by org.testng.reporters.JUnitReportReporter -->
<testsuite hostname="HP" failures="0" tests="2" name="scmSCM.Retailer.MyOrderNewOrderTest" time="10.445" errors="0" timestamp="27 Mar 2025 09:56:08 GMT" skipped="0">
  <testcase classname="scmSCM.Retailer.MyOrderNewOrderTest" name="MyORderTest" time="6.403"/>
  <testcase classname="scmSCM.Retailer.MyOrderNewOrderTest" name="NeWOderTest" time="4.042"/>
</testsuite> <!-- scmSCM.Retailer.MyOrderNewOrderTest -->
