<?xml version="1.0" encoding="UTF-8"?>
<!-- Generated by org.testng.reporters.JUnitReportReporter -->
<testsuite hostname="HP" failures="0" tests="1" name="scmSCM.Manufacturer.AddProductManageStockTest" time="6.685" errors="0" timestamp="27 Mar 2025 07:26:49 GMT" skipped="0">
  <testcase classname="scmSCM.Manufacturer.AddProductManageStockTest" name="AdDProductTest" time="6.685"/>
</testsuite> <!-- scmSCM.Manufacturer.AddProductManageStockTest -->
