<?xml version="1.0" encoding="UTF-8"?>
<!-- Generated by org.testng.reporters.JUnitReportReporter -->
<testsuite hostname="HP" failures="0" tests="2" name="scmSCM.Retailer.MyOrder" time="13.140" errors="0" timestamp="26 Mar 2025 18:43:57 GMT" skipped="0">
  <testcase classname="scmSCM.Retailer.MyOrder" name="MyORder" time="6.437"/>
  <testcase classname="scmSCM.Retailer.MyOrder" name="NeWOder" time="6.703"/>
</testsuite> <!-- scmSCM.Retailer.MyOrder -->
