<?xml version="1.0" encoding="UTF-8"?>
<!-- Generated by org.testng.reporters.JUnitReportReporter -->
<testsuite hostname="HP" failures="0" tests="1" name="scmSCM.admin.ManageCategory" time="7.062" errors="0" timestamp="26 Mar 2025 18:29:11 GMT" skipped="0">
  <testcase classname="scmSCM.admin.ManageCategory" name="ManagECategory" time="7.062"/>
</testsuite> <!-- scmSCM.admin.ManageCategory -->
