<?xml version="1.0" encoding="UTF-8"?>
<!-- Generated by org.testng.reporters.JUnitReportReporter -->
<testsuite hostname="HP" failures="0" tests="3" name="scmSCM.admin.ManageAreaCategoryUnit" time="27.154" errors="0" timestamp="27 Mar 2025 04:17:13 GMT" skipped="0">
  <testcase classname="scmSCM.admin.ManageAreaCategoryUnit" name="ManagECategory" time="6.214"/>
  <testcase classname="scmSCM.admin.ManageAreaCategoryUnit" name="ManagEUnit" time="7.614"/>
  <testcase classname="scmSCM.admin.ManageAreaCategoryUnit" name="Managearea" time="13.326"/>
</testsuite> <!-- scmSCM.admin.ManageAreaCategoryUnit -->
