<?xml version="1.0" encoding="UTF-8"?>
<!-- Generated by org.testng.reporters.JUnitReportReporter -->
<testsuite hostname="HP" failures="0" tests="2" name="scmSCM.Manufacturer.AddProductManageStock" time="9.547" errors="0" timestamp="27 Mar 2025 04:17:13 GMT" skipped="0">
  <testcase classname="scmSCM.Manufacturer.AddProductManageStock" name="AdDProduct" time="5.740"/>
  <testcase classname="scmSCM.Manufacturer.AddProductManageStock" name="ManagEStock" time="3.807"/>
</testsuite> <!-- scmSCM.Manufacturer.AddProductManageStock -->
