<?xml version="1.0" encoding="UTF-8"?>
<!-- Generated by org.testng.reporters.JUnitReportReporter -->
<testsuite hostname="HP" failures="0" tests="1" name="scmSCM.admin.ManageUnit" time="6.698" errors="0" timestamp="26 Mar 2025 18:26:32 GMT" skipped="0">
  <testcase classname="scmSCM.admin.ManageUnit" name="ManagEUnit" time="6.698"/>
</testsuite> <!-- scmSCM.admin.ManageUnit -->
