<?xml version="1.0" encoding="UTF-8"?>
<!-- Generated by org.testng.reporters.JUnitReportReporter -->
<testsuite hostname="HP" failures="0" tests="3" name="scmSCM.admin.ManageAreaCategoryUnitTest" time="19.057" errors="0" timestamp="27 Mar 2025 10:00:58 GMT" skipped="0">
  <testcase classname="scmSCM.admin.ManageAreaCategoryUnitTest" name="ManagEUnitTest" time="6.387"/>
  <testcase classname="scmSCM.admin.ManageAreaCategoryUnitTest" name="ManagECategoryTest" time="6.242"/>
  <testcase classname="scmSCM.admin.ManageAreaCategoryUnitTest" name="ManageareaTest" time="6.428"/>
</testsuite> <!-- scmSCM.admin.ManageAreaCategoryUnitTest -->
