<?xml version="1.0" encoding="UTF-8"?>
<!-- Generated by org.testng.reporters.JUnitReportReporter -->
<testsuite hostname="HP" failures="0" tests="1" name="scmSCM.admin.ManageAreaCategoryUnitTest" time="5.126" errors="0" timestamp="27 Mar 2025 06:20:17 GMT" skipped="0">
  <testcase classname="scmSCM.admin.ManageAreaCategoryUnitTest" name="ManagECategoryTest" time="5.126"/>
</testsuite> <!-- scmSCM.admin.ManageAreaCategoryUnitTest -->
