<?xml version="1.0" encoding="UTF-8"?>
<!-- Generated by org.testng.reporters.JUnitReportReporter -->
<testsuite hostname="HP" failures="0" tests="1" name="scmSCM.Manufacturer.ManageStock" time="6.378" errors="0" timestamp="26 Mar 2025 18:18:56 GMT" skipped="0">
  <testcase classname="scmSCM.Manufacturer.ManageStock" name="ManagEStock" time="6.378"/>
</testsuite> <!-- scmSCM.Manufacturer.ManageStock -->
