<?xml version="1.0" encoding="UTF-8"?>
<!-- Generated by org.testng.reporters.JUnitReportReporter -->
<testsuite hostname="HP" failures="0" tests="2" name="scmSCM.Manufacturer.AddProduct" time="14.719" errors="0" timestamp="26 Mar 2025 18:39:43 GMT" skipped="0">
  <testcase classname="scmSCM.Manufacturer.AddProduct" name="AdDProduct" time="7.773"/>
  <testcase classname="scmSCM.Manufacturer.AddProduct" name="ManagEStock" time="6.946"/>
</testsuite> <!-- scmSCM.Manufacturer.AddProduct -->
