<?xml version="1.0" encoding="UTF-8"?>
<!-- Generated by org.testng.reporters.JUnitReportReporter -->
<testsuite hostname="HP" failures="0" tests="3" name="scmSCM.admin.ManageArea" time="20.764" errors="0" timestamp="26 Mar 2025 18:37:01 GMT" skipped="0">
  <testcase classname="scmSCM.admin.ManageArea" name="ManagECategory" time="6.790"/>
  <testcase classname="scmSCM.admin.ManageArea" name="Managearea" time="6.078"/>
  <testcase classname="scmSCM.admin.ManageArea" name="ManagEUnit" time="7.896"/>
</testsuite> <!-- scmSCM.admin.ManageArea -->
